This file contains any messages produced by compilers while
running configure, to aid debugging if configure makes a mistake.

It was created by configure, which was
generated by GNU Autoconf 2.69.  Invocation command line was

  $ ./configure 

## --------- ##
## Platform. ##
## --------- ##

hostname = owl18.uio.no
uname -m = x86_64
uname -r = 3.10.0-1062.18.1.el7.x86_64
uname -s = Linux
uname -v = #1 SMP Wed Feb 12 14:08:31 UTC 2020

/usr/bin/uname -p = x86_64
/bin/uname -X     = unknown

/bin/arch              = x86_64
/usr/bin/arch -k       = unknown
/usr/convex/getsysinfo = unknown
/usr/bin/hostinfo      = unknown
/bin/machine           = unknown
/usr/bin/oslevel       = unknown
/bin/universe          = unknown

PATH: /mn/stornext/u3/maksymb/local/mygcc/9.3.0/bin
PATH: /mn/stornext/u3/maksymb/.local/cargo/bin
PATH: /mn/stornext/u3/maksymb/local/owl1724/bin
PATH: /astro/local/opt/Intel/compilers_and_libraries_2020.4.304/linux/mpi/intel64/bin
PATH: /astro/local/opt/Intel/compilers_and_libraries_2020.4.304/linux/bin/intel64
PATH: .
PATH: /astro/local/opt/Intel/debugger_2020/gdb/intel64/bin
PATH: /opt/rh/rh-git218/root/usr/bin
PATH: /mn/stornext/u3/maksymb/py36/bin
PATH: /mn/stornext/u3/maksymb/local/bin/
PATH: /mn/stornext/d14/bp/loris/Tools/covmat_tools/local/bin/
PATH: /usr/lib64/qt-3.3/bin
PATH: /astro/local/bin
PATH: /opt/app-sync/texlive/local-texmf/bin/x86_64-linux
PATH: /opt/app-sync/texlive/uio-texmf/bin/x86_64-linux
PATH: /usr/local/bin
PATH: /usr/bin
PATH: /usr/local/sbin
PATH: /usr/sbin
PATH: /usr/lib64/openmpi/bin
PATH: /opt/dell/srvadmin/bin


## ----------- ##
## Core tests. ##
## ----------- ##

configure:2181: checking build system type
configure:2195: result: x86_64-pc-linux-gnu
configure:2215: checking host system type
configure:2228: result: x86_64-pc-linux-gnu
configure:2248: checking target system type
configure:2261: result: x86_64-pc-linux-gnu
configure:2399: checking for gcc
configure:2426: result: /mn/stornext/u3/maksymb/local/mygcc/9.3.0/bin/gcc
configure:2655: checking for C compiler version
configure:2664: /mn/stornext/u3/maksymb/local/mygcc/9.3.0/bin/gcc --version >&5
gcc (GCC) 9.3.0
Copyright (C) 2019 Free Software Foundation, Inc.
This is free software; see the source for copying conditions.  There is NO
warranty; not even for MERCHANTABILITY or FITNESS FOR A PARTICULAR PURPOSE.

configure:2675: $? = 0
configure:2664: /mn/stornext/u3/maksymb/local/mygcc/9.3.0/bin/gcc -v >&5
Using built-in specs.
COLLECT_GCC=/mn/stornext/u3/maksymb/local/mygcc/9.3.0/bin/gcc
COLLECT_LTO_WRAPPER=/mn/stornext/u3/maksymb/local/mygcc/9.3.0/libexec/gcc/x86_64-pc-linux-gnu/9.3.0/lto-wrapper
Target: x86_64-pc-linux-gnu
Configured with: ../configure --prefix=/mn/stornext/u3/maksymb/local/mygcc/9.3.0 --enable-languages=all --disable-multilib --enable-threads --enable-checking=release --with-system-zlib --enable-plugin --enable-initfini-array --disable-libgcj --enable-gnu-indirect-function
Thread model: posix
gcc version 9.3.0 (GCC) 
configure:2675: $? = 0
configure:2664: /mn/stornext/u3/maksymb/local/mygcc/9.3.0/bin/gcc -V >&5
gcc: error: unrecognized command line option '-V'
gcc: fatal error: no input files
compilation terminated.
configure:2675: $? = 1
configure:2664: /mn/stornext/u3/maksymb/local/mygcc/9.3.0/bin/gcc -qversion >&5
gcc: error: unrecognized command line option '-qversion'; did you mean '--version'?
gcc: fatal error: no input files
compilation terminated.
configure:2675: $? = 1
configure:2695: checking whether the C compiler works
configure:2717: /mn/stornext/u3/maksymb/local/mygcc/9.3.0/bin/gcc    conftest.c  >&5
configure:2721: $? = 0
configure:2769: result: yes
configure:2772: checking for C compiler default output file name
configure:2774: result: a.out
configure:2780: checking for suffix of executables
configure:2787: /mn/stornext/u3/maksymb/local/mygcc/9.3.0/bin/gcc -o conftest    conftest.c  >&5
configure:2791: $? = 0
configure:2813: result: 
configure:2835: checking whether we are cross compiling
configure:2843: /mn/stornext/u3/maksymb/local/mygcc/9.3.0/bin/gcc -o conftest    conftest.c  >&5
configure:2847: $? = 0
configure:2854: ./conftest
configure:2858: $? = 0
configure:2873: result: no
configure:2878: checking for suffix of object files
configure:2900: /mn/stornext/u3/maksymb/local/mygcc/9.3.0/bin/gcc -c   conftest.c >&5
configure:2904: $? = 0
configure:2925: result: o
configure:2929: checking whether we are using the GNU C compiler
configure:2948: /mn/stornext/u3/maksymb/local/mygcc/9.3.0/bin/gcc -c   conftest.c >&5
configure:2948: $? = 0
configure:2957: result: yes
configure:2966: checking whether /mn/stornext/u3/maksymb/local/mygcc/9.3.0/bin/gcc accepts -g
configure:2986: /mn/stornext/u3/maksymb/local/mygcc/9.3.0/bin/gcc -c -g  conftest.c >&5
configure:2986: $? = 0
configure:3027: result: yes
configure:3044: checking for /mn/stornext/u3/maksymb/local/mygcc/9.3.0/bin/gcc option to accept ISO C89
configure:3107: /mn/stornext/u3/maksymb/local/mygcc/9.3.0/bin/gcc  -c -g -O2  conftest.c >&5
configure:3107: $? = 0
configure:3120: result: none needed
configure:3146: checking how to run the C preprocessor
configure:3177: /mn/stornext/u3/maksymb/local/mygcc/9.3.0/bin/gcc -E  conftest.c
configure:3177: $? = 0
configure:3191: /mn/stornext/u3/maksymb/local/mygcc/9.3.0/bin/gcc -E  conftest.c
conftest.c:9:10: fatal error: ac_nonexistent.h: No such file or directory
    9 | #include <ac_nonexistent.h>
      |          ^~~~~~~~~~~~~~~~~~
compilation terminated.
configure:3191: $? = 1
configure: failed program was:
| /* confdefs.h */
| #define PACKAGE_NAME ""
| #define PACKAGE_TARNAME ""
| #define PACKAGE_VERSION ""
| #define PACKAGE_STRING ""
| #define PACKAGE_BUGREPORT ""
| #define PACKAGE_URL ""
| /* end confdefs.h.  */
| #include <ac_nonexistent.h>
configure:3216: result: /mn/stornext/u3/maksymb/local/mygcc/9.3.0/bin/gcc -E
configure:3236: /mn/stornext/u3/maksymb/local/mygcc/9.3.0/bin/gcc -E  conftest.c
configure:3236: $? = 0
configure:3250: /mn/stornext/u3/maksymb/local/mygcc/9.3.0/bin/gcc -E  conftest.c
conftest.c:9:10: fatal error: ac_nonexistent.h: No such file or directory
    9 | #include <ac_nonexistent.h>
      |          ^~~~~~~~~~~~~~~~~~
compilation terminated.
configure:3250: $? = 1
configure: failed program was:
| /* confdefs.h */
| #define PACKAGE_NAME ""
| #define PACKAGE_TARNAME ""
| #define PACKAGE_VERSION ""
| #define PACKAGE_STRING ""
| #define PACKAGE_BUGREPORT ""
| #define PACKAGE_URL ""
| /* end confdefs.h.  */
| #include <ac_nonexistent.h>
configure:3279: checking for grep that handles long lines and -e
configure:3337: result: /usr/bin/grep
configure:3342: checking for egrep
configure:3404: result: /usr/bin/grep -E
configure:3409: checking for ANSI C header files
configure:3429: /mn/stornext/u3/maksymb/local/mygcc/9.3.0/bin/gcc -c -g -O2  conftest.c >&5
configure:3429: $? = 0
configure:3502: /mn/stornext/u3/maksymb/local/mygcc/9.3.0/bin/gcc -o conftest -g -O2   conftest.c  >&5
configure:3502: $? = 0
configure:3502: ./conftest
configure:3502: $? = 0
configure:3513: result: yes
configure:3526: checking for sys/types.h
configure:3526: /mn/stornext/u3/maksymb/local/mygcc/9.3.0/bin/gcc -c -g -O2  conftest.c >&5
configure:3526: $? = 0
configure:3526: result: yes
configure:3526: checking for sys/stat.h
configure:3526: /mn/stornext/u3/maksymb/local/mygcc/9.3.0/bin/gcc -c -g -O2  conftest.c >&5
configure:3526: $? = 0
configure:3526: result: yes
configure:3526: checking for stdlib.h
configure:3526: /mn/stornext/u3/maksymb/local/mygcc/9.3.0/bin/gcc -c -g -O2  conftest.c >&5
configure:3526: $? = 0
configure:3526: result: yes
configure:3526: checking for string.h
configure:3526: /mn/stornext/u3/maksymb/local/mygcc/9.3.0/bin/gcc -c -g -O2  conftest.c >&5
configure:3526: $? = 0
configure:3526: result: yes
configure:3526: checking for memory.h
configure:3526: /mn/stornext/u3/maksymb/local/mygcc/9.3.0/bin/gcc -c -g -O2  conftest.c >&5
configure:3526: $? = 0
configure:3526: result: yes
configure:3526: checking for strings.h
configure:3526: /mn/stornext/u3/maksymb/local/mygcc/9.3.0/bin/gcc -c -g -O2  conftest.c >&5
configure:3526: $? = 0
configure:3526: result: yes
configure:3526: checking for inttypes.h
configure:3526: /mn/stornext/u3/maksymb/local/mygcc/9.3.0/bin/gcc -c -g -O2  conftest.c >&5
configure:3526: $? = 0
configure:3526: result: yes
configure:3526: checking for stdint.h
configure:3526: /mn/stornext/u3/maksymb/local/mygcc/9.3.0/bin/gcc -c -g -O2  conftest.c >&5
configure:3526: $? = 0
configure:3526: result: yes
configure:3526: checking for unistd.h
configure:3526: /mn/stornext/u3/maksymb/local/mygcc/9.3.0/bin/gcc -c -g -O2  conftest.c >&5
configure:3526: $? = 0
configure:3526: result: yes
configure:3815: checking for gcc
configure:3842: result: /mn/stornext/u3/maksymb/local/mygcc/9.3.0/bin/gcc
configure:4071: checking for C compiler version
configure:4080: /mn/stornext/u3/maksymb/local/mygcc/9.3.0/bin/gcc --version >&5
gcc (GCC) 9.3.0
Copyright (C) 2019 Free Software Foundation, Inc.
This is free software; see the source for copying conditions.  There is NO
warranty; not even for MERCHANTABILITY or FITNESS FOR A PARTICULAR PURPOSE.

configure:4091: $? = 0
configure:4080: /mn/stornext/u3/maksymb/local/mygcc/9.3.0/bin/gcc -v >&5
Using built-in specs.
COLLECT_GCC=/mn/stornext/u3/maksymb/local/mygcc/9.3.0/bin/gcc
COLLECT_LTO_WRAPPER=/mn/stornext/u3/maksymb/local/mygcc/9.3.0/libexec/gcc/x86_64-pc-linux-gnu/9.3.0/lto-wrapper
Target: x86_64-pc-linux-gnu
Configured with: ../configure --prefix=/mn/stornext/u3/maksymb/local/mygcc/9.3.0 --enable-languages=all --disable-multilib --enable-threads --enable-checking=release --with-system-zlib --enable-plugin --enable-initfini-array --disable-libgcj --enable-gnu-indirect-function
Thread model: posix
gcc version 9.3.0 (GCC) 
configure:4091: $? = 0
configure:4080: /mn/stornext/u3/maksymb/local/mygcc/9.3.0/bin/gcc -V >&5
gcc: error: unrecognized command line option '-V'
gcc: fatal error: no input files
compilation terminated.
configure:4091: $? = 1
configure:4080: /mn/stornext/u3/maksymb/local/mygcc/9.3.0/bin/gcc -qversion >&5
gcc: error: unrecognized command line option '-qversion'; did you mean '--version'?
gcc: fatal error: no input files
compilation terminated.
configure:4091: $? = 1
configure:4095: checking whether we are using the GNU C compiler
configure:4123: result: yes
configure:4132: checking whether /mn/stornext/u3/maksymb/local/mygcc/9.3.0/bin/gcc accepts -g
configure:4193: result: yes
configure:4210: checking for /mn/stornext/u3/maksymb/local/mygcc/9.3.0/bin/gcc option to accept ISO C89
configure:4286: result: none needed
configure:4321: checking for gfortran
configure:4348: result: /mn/stornext/u3/maksymb/local/mygcc/9.3.0/bin/gfortran
configure:4393: checking for ar
configure:4409: found /usr/bin/ar
configure:4421: result: ar
configure:4478: checking for ranlib
configure:4494: found /usr/bin/ranlib
configure:4505: result: ranlib
configure:4531: checking for stdlib.h
configure:4531: result: yes
configure:4531: checking for string.h
configure:4531: result: yes
configure:4531: checking math.h usability
configure:4531: /mn/stornext/u3/maksymb/local/mygcc/9.3.0/bin/gcc -c -g -O2  conftest.c >&5
configure:4531: $? = 0
configure:4531: result: yes
configure:4531: checking math.h presence
configure:4531: /mn/stornext/u3/maksymb/local/mygcc/9.3.0/bin/gcc -E  conftest.c
configure:4531: $? = 0
configure:4531: result: yes
configure:4531: checking for math.h
configure:4531: result: yes
configure:4531: checking limits.h usability
configure:4531: /mn/stornext/u3/maksymb/local/mygcc/9.3.0/bin/gcc -c -g -O2  conftest.c >&5
configure:4531: $? = 0
configure:4531: result: yes
configure:4531: checking limits.h presence
configure:4531: /mn/stornext/u3/maksymb/local/mygcc/9.3.0/bin/gcc -E  conftest.c
configure:4531: $? = 0
configure:4531: result: yes
configure:4531: checking for limits.h
configure:4531: result: yes
configure:4554: /mn/stornext/u3/maksymb/local/mygcc/9.3.0/bin/gcc -c -g -O2  conftest.c >&5
configure:4554: $? = 0
configure:4894: checking for curl-config
configure:4910: found /mn/stornext/u3/maksymb/local/owl1724/bin/curl-config
configure:4921: result: curl-config
configure:4979: checking whether ftruncate works
configure:4995: /mn/stornext/u3/maksymb/local/mygcc/9.3.0/bin/gcc -o conftest -I/mn/stornext/u3/maksymb/local/owl1724/include -g -O2 -Dg77Fortran -fPIC  -g -O2 conftest.c  >&5
configure:4995: $? = 0
configure:4999: result: yes
configure:5013: checking whether long long is defined
configure:5029: /mn/stornext/u3/maksymb/local/mygcc/9.3.0/bin/gcc -c -I/mn/stornext/u3/maksymb/local/owl1724/include -g -O2 -Dg77Fortran -fPIC  conftest.c >&5
configure:5029: $? = 0
configure:5033: result: yes
configure:5054: checking whether system V style IPC services are supported
configure:5075: /mn/stornext/u3/maksymb/local/mygcc/9.3.0/bin/gcc -o conftest -I/mn/stornext/u3/maksymb/local/owl1724/include -g -O2 -Dg77Fortran -fPIC  -g -O2 conftest.c  >&5
configure:5075: $? = 0
configure:5080: result: yes
configure:5096: checking whether flock_t is defined in sys/fcntl.h
configure:5112: /mn/stornext/u3/maksymb/local/mygcc/9.3.0/bin/gcc -c -I/mn/stornext/u3/maksymb/local/owl1724/include -g -O2 -Dg77Fortran -fPIC  conftest.c >&5
conftest.c: In function 'main':
conftest.c:35:1: error: unknown type name 'flock_t'; did you mean 'float'?
   35 | flock_t filler;
      | ^~~~~~~
      | float
configure:5112: $? = 1
configure: failed program was:
| /* confdefs.h */
| #define PACKAGE_NAME ""
| #define PACKAGE_TARNAME ""
| #define PACKAGE_VERSION ""
| #define PACKAGE_STRING ""
| #define PACKAGE_BUGREPORT ""
| #define PACKAGE_URL ""
| #define STDC_HEADERS 1
| #define HAVE_SYS_TYPES_H 1
| #define HAVE_SYS_STAT_H 1
| #define HAVE_STDLIB_H 1
| #define HAVE_STRING_H 1
| #define HAVE_MEMORY_H 1
| #define HAVE_STRINGS_H 1
| #define HAVE_INTTYPES_H 1
| #define HAVE_STDINT_H 1
| #define HAVE_UNISTD_H 1
| #define HAVE_STDLIB_H 1
| #define HAVE_STRING_H 1
| #define HAVE_MATH_H 1
| #define HAVE_LIMITS_H 1
| #define _LARGEFILE_SOURCE 1
| #define _FILE_OFFSET_BITS 64
| #define CFITSIO_HAVE_CURL 1
| #define HAVE_FTRUNCATE 1
| #define HAVE_LONGLONG 1
| #define HAVE_SHMEM_SERVICES 1
| /* end confdefs.h.  */
| #include <sys/fcntl.h>
| 
| int
| main ()
| {
| 
| flock_t filler;
| 
|   ;
|   return 0;
| }
configure:5120: result: no
configure:5126: checking whether flock_t is defined in sys/flock.h
configure:5142: /mn/stornext/u3/maksymb/local/mygcc/9.3.0/bin/gcc -c -I/mn/stornext/u3/maksymb/local/owl1724/include -g -O2 -Dg77Fortran -fPIC  conftest.c >&5
conftest.c:29:10: fatal error: sys/flock.h: No such file or directory
   29 | #include <sys/flock.h>
      |          ^~~~~~~~~~~~~
compilation terminated.
configure:5142: $? = 1
configure: failed program was:
| /* confdefs.h */
| #define PACKAGE_NAME ""
| #define PACKAGE_TARNAME ""
| #define PACKAGE_VERSION ""
| #define PACKAGE_STRING ""
| #define PACKAGE_BUGREPORT ""
| #define PACKAGE_URL ""
| #define STDC_HEADERS 1
| #define HAVE_SYS_TYPES_H 1
| #define HAVE_SYS_STAT_H 1
| #define HAVE_STDLIB_H 1
| #define HAVE_STRING_H 1
| #define HAVE_MEMORY_H 1
| #define HAVE_STRINGS_H 1
| #define HAVE_INTTYPES_H 1
| #define HAVE_STDINT_H 1
| #define HAVE_UNISTD_H 1
| #define HAVE_STDLIB_H 1
| #define HAVE_STRING_H 1
| #define HAVE_MATH_H 1
| #define HAVE_LIMITS_H 1
| #define _LARGEFILE_SOURCE 1
| #define _FILE_OFFSET_BITS 64
| #define CFITSIO_HAVE_CURL 1
| #define HAVE_FTRUNCATE 1
| #define HAVE_LONGLONG 1
| #define HAVE_SHMEM_SERVICES 1
| /* end confdefs.h.  */
| #include <sys/flock.h>
| 
| int
| main ()
| {
| 
|    flock_t filler;
| 
|   ;
|   return 0;
| }
configure:5150: result: no
configure:5218: checking whether union semun is defined
configure:5236: /mn/stornext/u3/maksymb/local/mygcc/9.3.0/bin/gcc -c -I/mn/stornext/u3/maksymb/local/owl1724/include -g -O2 -Dg77Fortran -fPIC  conftest.c >&5
conftest.c: In function 'main':
conftest.c:37:13: error: storage size of 'filler' isn't known
   37 | union semun filler;
      |             ^~~~~~
configure:5236: $? = 1
configure: failed program was:
| /* confdefs.h */
| #define PACKAGE_NAME ""
| #define PACKAGE_TARNAME ""
| #define PACKAGE_VERSION ""
| #define PACKAGE_STRING ""
| #define PACKAGE_BUGREPORT ""
| #define PACKAGE_URL ""
| #define STDC_HEADERS 1
| #define HAVE_SYS_TYPES_H 1
| #define HAVE_SYS_STAT_H 1
| #define HAVE_STDLIB_H 1
| #define HAVE_STRING_H 1
| #define HAVE_MEMORY_H 1
| #define HAVE_STRINGS_H 1
| #define HAVE_INTTYPES_H 1
| #define HAVE_STDINT_H 1
| #define HAVE_UNISTD_H 1
| #define HAVE_STDLIB_H 1
| #define HAVE_STRING_H 1
| #define HAVE_MATH_H 1
| #define HAVE_LIMITS_H 1
| #define _LARGEFILE_SOURCE 1
| #define _FILE_OFFSET_BITS 64
| #define CFITSIO_HAVE_CURL 1
| #define HAVE_FTRUNCATE 1
| #define HAVE_LONGLONG 1
| #define HAVE_SHMEM_SERVICES 1
| /* end confdefs.h.  */
| #include <sys/ipc.h>
| #include <sys/shm.h>
| #include <sys/sem.h>
| 
| int
| main ()
| {
| 
| union semun filler;
| 
|   ;
|   return 0;
| }
configure:5244: result: no
configure:5253: checking for fmemopen
configure:5253: /mn/stornext/u3/maksymb/local/mygcc/9.3.0/bin/gcc -o conftest -I/mn/stornext/u3/maksymb/local/owl1724/include -g -O2 -Dg77Fortran -fPIC  -g -O2 conftest.c  >&5
configure:5253: $? = 0
configure:5253: result: yes
configure:5266: checking for library containing gethostbyname
configure:5297: /mn/stornext/u3/maksymb/local/mygcc/9.3.0/bin/gcc -o conftest -I/mn/stornext/u3/maksymb/local/owl1724/include -g -O2 -Dg77Fortran -fPIC  -g -O2 conftest.c  >&5
configure:5297: $? = 0
configure:5314: result: none required
configure:5324: checking for library containing connect
configure:5355: /mn/stornext/u3/maksymb/local/mygcc/9.3.0/bin/gcc -o conftest -I/mn/stornext/u3/maksymb/local/owl1724/include -g -O2 -Dg77Fortran -fPIC  -g -O2 conftest.c  >&5
configure:5355: $? = 0
configure:5372: result: none required
configure:5542: creating ./config.status

## ---------------------- ##
## Running config.status. ##
## ---------------------- ##

This file was extended by config.status, which was
generated by GNU Autoconf 2.69.  Invocation command line was

  CONFIG_FILES    = 
  CONFIG_HEADERS  = 
  CONFIG_LINKS    = 
  CONFIG_COMMANDS = 
  $ ./config.status 

on owl18.uio.no

config.status:761: creating Makefile
configure:6699: creating ./config.status

## ---------------------- ##
## Running config.status. ##
## ---------------------- ##

This file was extended by config.status, which was
generated by GNU Autoconf 2.69.  Invocation command line was

  CONFIG_FILES    = 
  CONFIG_HEADERS  = 
  CONFIG_LINKS    = 
  CONFIG_COMMANDS = 
  $ ./config.status 

on owl18.uio.no

config.status:762: creating Makefile
config.status:762: creating cfitsio.pc
configure:7707: result: 
configure:7709: result:     Congratulations, Makefile update was successful.
configure:7711: result:     You may want to run "make" now.
configure:7713: result: 

## ---------------- ##
## Cache variables. ##
## ---------------- ##

ac_cv_build=x86_64-pc-linux-gnu
ac_cv_c_compiler_gnu=yes
ac_cv_env_CC_set=set
ac_cv_env_CC_value=/mn/stornext/u3/maksymb/local/mygcc/9.3.0/bin/gcc
ac_cv_env_CFLAGS_set=
ac_cv_env_CFLAGS_value=
ac_cv_env_CPPFLAGS_set=
ac_cv_env_CPPFLAGS_value=
ac_cv_env_CPP_set=
ac_cv_env_CPP_value=
ac_cv_env_LDFLAGS_set=
ac_cv_env_LDFLAGS_value=
ac_cv_env_LIBS_set=
ac_cv_env_LIBS_value=
ac_cv_env_build_alias_set=
ac_cv_env_build_alias_value=
ac_cv_env_host_alias_set=
ac_cv_env_host_alias_value=
ac_cv_env_target_alias_set=
ac_cv_env_target_alias_value=
ac_cv_func_fmemopen=yes
ac_cv_header_inttypes_h=yes
ac_cv_header_limits_h=yes
ac_cv_header_math_h=yes
ac_cv_header_memory_h=yes
ac_cv_header_stdc=yes
ac_cv_header_stdint_h=yes
ac_cv_header_stdlib_h=yes
ac_cv_header_string_h=yes
ac_cv_header_strings_h=yes
ac_cv_header_sys_stat_h=yes
ac_cv_header_sys_types_h=yes
ac_cv_header_unistd_h=yes
ac_cv_host=x86_64-pc-linux-gnu
ac_cv_objext=o
ac_cv_path_EGREP='/usr/bin/grep -E'
ac_cv_path_GREP=/usr/bin/grep
ac_cv_prog_AR=ar
ac_cv_prog_CPP='/mn/stornext/u3/maksymb/local/mygcc/9.3.0/bin/gcc -E'
ac_cv_prog_CURLCONFIG=curl-config
ac_cv_prog_FC=/mn/stornext/u3/maksymb/local/mygcc/9.3.0/bin/gfortran
ac_cv_prog_ac_ct_CC=/mn/stornext/u3/maksymb/local/mygcc/9.3.0/bin/gcc
ac_cv_prog_ac_ct_RANLIB=ranlib
ac_cv_prog_cc_c89=
ac_cv_prog_cc_g=yes
ac_cv_search_connect='none required'
ac_cv_search_gethostbyname='none required'
ac_cv_target=x86_64-pc-linux-gnu

## ----------------- ##
## Output variables. ##
## ----------------- ##

AR='ar'
ARCH='linux'
ARCHIVE='ar rv'
CC='/mn/stornext/u3/maksymb/local/mygcc/9.3.0/bin/gcc'
CFITSIO_MAJOR='3'
CFITSIO_MINOR='49'
CFITSIO_SHLIB='lib${PACKAGE}${SHLIB_SUFFIX}.${CFITSIO_SONAME}.${CFITSIO_MAJOR}.${CFITSIO_MINOR}'
CFITSIO_SHLIB_SONAME='lib${PACKAGE}${SHLIB_SUFFIX}.${CFITSIO_SONAME}'
CFITSIO_SONAME='9'
CFLAGS='-I/mn/stornext/u3/maksymb/local/owl1724/include -g -O2 -Dg77Fortran -fPIC'
CPP='/mn/stornext/u3/maksymb/local/mygcc/9.3.0/bin/gcc -E'
CPPFLAGS=''
CURLCONFIG='curl-config'
DEFS='-DPACKAGE_NAME=\"\" -DPACKAGE_TARNAME=\"\" -DPACKAGE_VERSION=\"\" -DPACKAGE_STRING=\"\" -DPACKAGE_BUGREPORT=\"\" -DPACKAGE_URL=\"\" -DSTDC_HEADERS=1 -DHAVE_SYS_TYPES_H=1 -DHAVE_SYS_STAT_H=1 -DHAVE_STDLIB_H=1 -DHAVE_STRING_H=1 -DHAVE_MEMORY_H=1 -DHAVE_STRINGS_H=1 -DHAVE_INTTYPES_H=1 -DHAVE_STDINT_H=1 -DHAVE_UNISTD_H=1 -DHAVE_STDLIB_H=1 -DHAVE_STRING_H=1 -DHAVE_MATH_H=1 -DHAVE_LIMITS_H=1 -D_LARGEFILE_SOURCE=1 -D_FILE_OFFSET_BITS=64 -DCFITSIO_HAVE_CURL=1 -DHAVE_FTRUNCATE=1 -DHAVE_LONGLONG=1 -DHAVE_SHMEM_SERVICES=1 -DHAVE_FMEMOPEN=1 -DHAVE_NET_SERVICES=1'
ECHO_C=''
ECHO_N='-n'
ECHO_T=''
EGREP='/usr/bin/grep -E'
EXEEXT=''
F77_WRAPPERS='${FITSIO_SRC}'
FC='/mn/stornext/u3/maksymb/local/mygcc/9.3.0/bin/gfortran'
GCCVERSION='9.3.0'
GREP='/usr/bin/grep'
GSIFTP_SRC=''
INSTALL_ROOT='${prefix}'
LDFLAGS='-g -O2'
LDFLAGS_BIN='-g -O2 -Wl,-rpath,${CFITSIO_LIB}'
LIBOBJS=''
LIBPRE=''
LIBS=''
LIBS_CURL='-L/mn/stornext/u3/maksymb/local/owl1724/lib -lcurl -limf -lsvml -lirng -lm -lipgo -ldecimal -lcilkrts -lstdc++ -lgcc -lgcc_s -lirc -lsvml -lc -lgcc -lgcc_s -lirc_s -ldl -lc -ldl -lpthread /mn/stornext/u3/maksymb/local/owl1724/lib/libmbedtls.so /mn/stornext/u3/maksymb/local/owl1724/lib/libmbedx509.so /mn/stornext/u3/maksymb/local/owl1724/lib/libmbedcrypto.so /mn/stornext/u3/maksymb/local/owl1724/lib/libz.so /mn/stornext/u3/maksymb/local/owl1724/lib/libssh2.so'
LTLIBOBJS=''
OBJEXT='o'
PACKAGE_BUGREPORT=''
PACKAGE_NAME=''
PACKAGE_STRING=''
PACKAGE_TARNAME=''
PACKAGE_URL=''
PACKAGE_VERSION=''
PATH_SEPARATOR=':'
RANLIB='ranlib'
SHELL='/bin/sh'
SHLIB_LD='/mn/stornext/u3/maksymb/local/mygcc/9.3.0/bin/gcc -shared -Wl,-soname,lib${PACKAGE}${SHLIB_SUFFIX}.${CFITSIO_SONAME}'
SHLIB_SUFFIX='.so'
SSE_FLAGS=''
ac_ct_CC='/mn/stornext/u3/maksymb/local/mygcc/9.3.0/bin/gcc'
bindir='${exec_prefix}/bin'
build='x86_64-pc-linux-gnu'
build_alias=''
build_cpu='x86_64'
build_os='linux-gnu'
build_vendor='pc'
datadir='${datarootdir}'
datarootdir='${prefix}/share'
docdir='${datarootdir}/doc/${PACKAGE}'
dvidir='${docdir}'
exec_prefix='${prefix}'
host='x86_64-pc-linux-gnu'
host_alias=''
host_cpu='x86_64'
host_os='linux-gnu'
host_vendor='pc'
htmldir='${docdir}'
includedir='${prefix}/include'
infodir='${datarootdir}/info'
libdir='${exec_prefix}/lib'
libexecdir='${exec_prefix}/libexec'
localedir='${datarootdir}/locale'
localstatedir='${prefix}/var'
mandir='${datarootdir}/man'
my_shmem='${SOURCES_SHMEM}'
oldincludedir='/usr/include'
pdfdir='${docdir}'
prefix='/mn/stornext/u3/maksymb/cmake_projects/cfitsio-modern-cmake'
program_transform_name='s,x,x,'
psdir='${docdir}'
sbindir='${exec_prefix}/sbin'
sharedstatedir='${prefix}/com'
sysconfdir='${prefix}/etc'
target='x86_64-pc-linux-gnu'
target_alias=''
target_cpu='x86_64'
target_os='linux-gnu'
target_vendor='pc'

## ----------- ##
## confdefs.h. ##
## ----------- ##

/* confdefs.h */
#define PACKAGE_NAME ""
#define PACKAGE_TARNAME ""
#define PACKAGE_VERSION ""
#define PACKAGE_STRING ""
#define PACKAGE_BUGREPORT ""
#define PACKAGE_URL ""
#define STDC_HEADERS 1
#define HAVE_SYS_TYPES_H 1
#define HAVE_SYS_STAT_H 1
#define HAVE_STDLIB_H 1
#define HAVE_STRING_H 1
#define HAVE_MEMORY_H 1
#define HAVE_STRINGS_H 1
#define HAVE_INTTYPES_H 1
#define HAVE_STDINT_H 1
#define HAVE_UNISTD_H 1
#define HAVE_STDLIB_H 1
#define HAVE_STRING_H 1
#define HAVE_MATH_H 1
#define HAVE_LIMITS_H 1
#define _LARGEFILE_SOURCE 1
#define _FILE_OFFSET_BITS 64
#define CFITSIO_HAVE_CURL 1
#define HAVE_FTRUNCATE 1
#define HAVE_LONGLONG 1
#define HAVE_SHMEM_SERVICES 1
#define HAVE_FMEMOPEN 1
#define HAVE_NET_SERVICES 1

configure: exit 0
